[November 16, 2021, 4:33 pm America/Edmonton -0700][signup] sign up data: username: nmidnf, password: nifeo, email: mfio@gmail.com, account type: artist, ticker: 22MM
[November 16, 2021, 4:34 pm America/Edmonton -0700][signup] sign up data: username: dwd, password: dwdwd, email: martinvuha1909@gmail.com, account type: artist, ticker: 22JJ
[November 16, 2021, 4:35 pm America/Edmonton -0700][signup] sign up data: username: ninfi, password: ndiownoi, email: nfvios@gmail.com, account type: user, ticker: 
[November 17, 2021, 1:26 pm America/Edmonton -0700][signup] sign up data: username: nienfien, password: ournogi, email: nfeiownoi@gmail.com, account type: user, ticker: 
[November 17, 2021, 2:03 pm America/Edmonton -0700][helper] Helper.php: (getAccount()) searchAccount returned 1 rows
[November 17, 2021, 2:03 pm America/Edmonton -0700][helper] Helper.php: (getAccount()) searchAccount returned 1 rows
[November 17, 2021, 2:04 pm America/Edmonton -0700][helper] Helper.php: (getAccount()) searchAccount returned 1 rows
[November 17, 2021, 2:06 pm America/Edmonton -0700][helper] Helper.php: (getAccount()) searchAccount returned 1 rows
[November 17, 2021, 2:07 pm America/Edmonton -0700][helper] Helper.php: (getAccount()) searchAccount returned 1 rows
[November 17, 2021, 2:14 pm America/Edmonton -0700][helper] Helper.php: (getAccount()) searchAccount returned 1 rows
[November 17, 2021, 2:14 pm America/Edmonton -0700][helper] Helper.php: (getAccount()) searchAccount returned 1 rows
[November 17, 2021, 2:14 pm America/Edmonton -0700][helper] Helper.php: (getAccount()) searchAccount returned 1 rows
[November 17, 2021, 2:14 pm America/Edmonton -0700][helper] MarketplaceHelpers.php: (fiatInit()) getAccount returned Array as a result
[November 17, 2021, 2:14 pm America/Edmonton -0700][helper] Helper.php: (getUserBalance()) searchAccount returned 1 rows
[November 17, 2021, 2:14 pm America/Edmonton -0700][helper] MarketplaceHelpers.php: (fiatInit()) getUserBalance returned 100000 as a result
[November 17, 2021, 2:15 pm America/Edmonton -0700][helper] Helper.php: (getAccount()) searchAccount returned 1 rows
[November 17, 2021, 2:15 pm America/Edmonton -0700][helper] Helper.php: (getAccount()) searchAccount returned 1 rows
[November 17, 2021, 2:15 pm America/Edmonton -0700][helper] Helper.php: (getUserBalance()) searchAccount returned 1 rows
[November 17, 2021, 2:15 pm America/Edmonton -0700][helper] MarketplaceHelpers.php: (fiatInit()) getUserBalance returned 100000 as a result
[November 17, 2021, 3:00 pm America/Edmonton -0700][helper]-[Helper.php@48]searchAccount returned 1 rows
[November 17, 2021, 3:00 pm America/Edmonton -0700][helper]-[Helper.php@48]searchAccount returned 1 rows
